{"/Users/arunkramachandran/Workspace/chat-interface/src/index.js": {"path":"/Users/arunkramachandran/Workspace/chat-interface/src/index.js","statementMap":{"0":{"start":{"line":7,"column":8},"end":{"line":11,"column":9}},"1":{"start":{"line":15,"column":0},"end":{"line":15,"column":57}}},"fnMap":{"0":{"name":"(anonymous_0)","decl":{"start":{"line":6,"column":4},"end":{"line":6,"column":5}},"loc":{"start":{"line":6,"column":13},"end":{"line":12,"column":5}},"line":6}},"branchMap":{},"s":{"0":0,"1":0},"f":{"0":0},"b":{}}
,"/Users/arunkramachandran/Workspace/chat-interface/src/components/ChatContainer.jsx": {"path":"/Users/arunkramachandran/Workspace/chat-interface/src/components/ChatContainer.jsx","statementMap":{"0":{"start":{"line":3,"column":29},"end":{"line":10,"column":1}},"1":{"start":{"line":5,"column":4},"end":{"line":9,"column":5}}},"fnMap":{"0":{"name":"(anonymous_0)","decl":{"start":{"line":3,"column":29},"end":{"line":3,"column":30}},"loc":{"start":{"line":3,"column":35},"end":{"line":10,"column":1}},"line":3}},"branchMap":{},"s":{"0":1,"1":1},"f":{"0":1},"b":{},"_coverageSchema":"1a1c01bbd47fc00a2c39e90264f33305004495a9","hash":"6fe5c0a23ca1078295f90434b99faedd023823e8"}
}
