{"/Users/arunkramachandran/Workspace/chat-interface/src/index.js": {"path":"/Users/arunkramachandran/Workspace/chat-interface/src/index.js","statementMap":{"0":{"start":{"line":10,"column":8},"end":{"line":14,"column":9}},"1":{"start":{"line":18,"column":0},"end":{"line":18,"column":57}}},"fnMap":{"0":{"name":"(anonymous_0)","decl":{"start":{"line":9,"column":4},"end":{"line":9,"column":5}},"loc":{"start":{"line":9,"column":13},"end":{"line":15,"column":5}},"line":9}},"branchMap":{},"s":{"0":0,"1":0},"f":{"0":0},"b":{}}
,"/Users/arunkramachandran/Workspace/chat-interface/src/actions/actions.js": {"path":"/Users/arunkramachandran/Workspace/chat-interface/src/actions/actions.js","statementMap":{"0":{"start":{"line":3,"column":27},"end":{"line":6,"column":2}},"1":{"start":{"line":3,"column":38},"end":{"line":6,"column":1}},"2":{"start":{"line":8,"column":31},"end":{"line":11,"column":2}},"3":{"start":{"line":8,"column":40},"end":{"line":11,"column":1}},"4":{"start":{"line":13,"column":34},"end":{"line":16,"column":2}},"5":{"start":{"line":13,"column":45},"end":{"line":16,"column":1}},"6":{"start":{"line":18,"column":27},"end":{"line":21,"column":2}},"7":{"start":{"line":18,"column":38},"end":{"line":21,"column":1}}},"fnMap":{"0":{"name":"(anonymous_0)","decl":{"start":{"line":3,"column":27},"end":{"line":3,"column":28}},"loc":{"start":{"line":3,"column":38},"end":{"line":6,"column":1}},"line":3},"1":{"name":"(anonymous_1)","decl":{"start":{"line":8,"column":31},"end":{"line":8,"column":32}},"loc":{"start":{"line":8,"column":40},"end":{"line":11,"column":1}},"line":8},"2":{"name":"(anonymous_2)","decl":{"start":{"line":13,"column":34},"end":{"line":13,"column":35}},"loc":{"start":{"line":13,"column":45},"end":{"line":16,"column":1}},"line":13},"3":{"name":"(anonymous_3)","decl":{"start":{"line":18,"column":27},"end":{"line":18,"column":28}},"loc":{"start":{"line":18,"column":38},"end":{"line":21,"column":1}},"line":18}},"branchMap":{},"s":{"0":1,"1":1,"2":1,"3":2,"4":1,"5":0,"6":1,"7":0},"f":{"0":1,"1":2,"2":0,"3":0},"b":{},"_coverageSchema":"1a1c01bbd47fc00a2c39e90264f33305004495a9","hash":"75bb75d2ba1c021f88e4c8c2f43238a30f0f45ca"}
,"/Users/arunkramachandran/Workspace/chat-interface/src/components/Button.jsx": {"path":"/Users/arunkramachandran/Workspace/chat-interface/src/components/Button.jsx","statementMap":{"0":{"start":{"line":3,"column":22},"end":{"line":15,"column":1}},"1":{"start":{"line":8,"column":8},"end":{"line":8,"column":13}},"2":{"start":{"line":10,"column":4},"end":{"line":14,"column":5}}},"fnMap":{"0":{"name":"(anonymous_0)","decl":{"start":{"line":3,"column":22},"end":{"line":3,"column":23}},"loc":{"start":{"line":3,"column":33},"end":{"line":15,"column":1}},"line":3}},"branchMap":{},"s":{"0":2,"1":2,"2":2},"f":{"0":2},"b":{},"_coverageSchema":"1a1c01bbd47fc00a2c39e90264f33305004495a9","hash":"3a16b1e026b16444453e1e2c1517e2dbfb45bbf1"}
,"/Users/arunkramachandran/Workspace/chat-interface/src/components/ChatContainer.jsx": {"path":"/Users/arunkramachandran/Workspace/chat-interface/src/components/ChatContainer.jsx","statementMap":{"0":{"start":{"line":7,"column":19},"end":{"line":14,"column":1}},"1":{"start":{"line":8,"column":4},"end":{"line":13,"column":17}},"2":{"start":{"line":16,"column":29},"end":{"line":23,"column":1}},"3":{"start":{"line":17,"column":4},"end":{"line":22,"column":5}}},"fnMap":{"0":{"name":"(anonymous_0)","decl":{"start":{"line":7,"column":19},"end":{"line":7,"column":20}},"loc":{"start":{"line":8,"column":4},"end":{"line":13,"column":17}},"line":8},"1":{"name":"(anonymous_1)","decl":{"start":{"line":16,"column":29},"end":{"line":16,"column":30}},"loc":{"start":{"line":16,"column":35},"end":{"line":23,"column":1}},"line":16}},"branchMap":{},"s":{"0":1,"1":1,"2":1,"3":1},"f":{"0":1,"1":1},"b":{},"_coverageSchema":"1a1c01bbd47fc00a2c39e90264f33305004495a9","hash":"2444d3dfcb27b9116584daf800414c96a6778c5e"}
,"/Users/arunkramachandran/Workspace/chat-interface/src/components/ChatWindow.jsx": {"path":"/Users/arunkramachandran/Workspace/chat-interface/src/components/ChatWindow.jsx","statementMap":{"0":{"start":{"line":5,"column":26},"end":{"line":17,"column":1}},"1":{"start":{"line":7,"column":4},"end":{"line":16,"column":5}}},"fnMap":{"0":{"name":"(anonymous_0)","decl":{"start":{"line":5,"column":26},"end":{"line":5,"column":27}},"loc":{"start":{"line":5,"column":32},"end":{"line":17,"column":1}},"line":5}},"branchMap":{},"s":{"0":0,"1":0},"f":{"0":0},"b":{}}
,"/Users/arunkramachandran/Workspace/chat-interface/src/components/InputPlaceholder.jsx": {"path":"/Users/arunkramachandran/Workspace/chat-interface/src/components/InputPlaceholder.jsx","statementMap":{"0":{"start":{"line":5,"column":32},"end":{"line":50,"column":1}},"1":{"start":{"line":6,"column":36},"end":{"line":6,"column":48}},"2":{"start":{"line":8,"column":29},"end":{"line":11,"column":5}},"3":{"start":{"line":9,"column":8},"end":{"line":9,"column":26}},"4":{"start":{"line":10,"column":8},"end":{"line":10,"column":48}},"5":{"start":{"line":13,"column":27},"end":{"line":18,"column":5}},"6":{"start":{"line":14,"column":8},"end":{"line":17,"column":9}},"7":{"start":{"line":15,"column":12},"end":{"line":15,"column":115}},"8":{"start":{"line":16,"column":12},"end":{"line":16,"column":27}},"9":{"start":{"line":20,"column":28},"end":{"line":25,"column":5}},"10":{"start":{"line":21,"column":8},"end":{"line":24,"column":9}},"11":{"start":{"line":22,"column":12},"end":{"line":22,"column":37}},"12":{"start":{"line":23,"column":12},"end":{"line":23,"column":27}},"13":{"start":{"line":33,"column":8},"end":{"line":33,"column":13}},"14":{"start":{"line":35,"column":4},"end":{"line":49,"column":5}}},"fnMap":{"0":{"name":"(anonymous_0)","decl":{"start":{"line":5,"column":32},"end":{"line":5,"column":33}},"loc":{"start":{"line":5,"column":43},"end":{"line":50,"column":1}},"line":5},"1":{"name":"(anonymous_1)","decl":{"start":{"line":8,"column":29},"end":{"line":8,"column":30}},"loc":{"start":{"line":8,"column":40},"end":{"line":11,"column":5}},"line":8},"2":{"name":"(anonymous_2)","decl":{"start":{"line":13,"column":27},"end":{"line":13,"column":28}},"loc":{"start":{"line":13,"column":34},"end":{"line":18,"column":5}},"line":13},"3":{"name":"(anonymous_3)","decl":{"start":{"line":20,"column":28},"end":{"line":20,"column":29}},"loc":{"start":{"line":20,"column":34},"end":{"line":25,"column":5}},"line":20}},"branchMap":{"0":{"loc":{"start":{"line":10,"column":8},"end":{"line":10,"column":47}},"type":"binary-expr","locations":[{"start":{"line":10,"column":8},"end":{"line":10,"column":22}},{"start":{"line":10,"column":26},"end":{"line":10,"column":47}}],"line":10},"1":{"loc":{"start":{"line":14,"column":8},"end":{"line":17,"column":9}},"type":"if","locations":[{"start":{"line":14,"column":8},"end":{"line":17,"column":9}},{"start":{"line":14,"column":8},"end":{"line":17,"column":9}}],"line":14},"2":{"loc":{"start":{"line":15,"column":12},"end":{"line":15,"column":114}},"type":"binary-expr","locations":[{"start":{"line":15,"column":13},"end":{"line":15,"column":22}},{"start":{"line":15,"column":26},"end":{"line":15,"column":38}},{"start":{"line":15,"column":43},"end":{"line":15,"column":56}},{"start":{"line":15,"column":60},"end":{"line":15,"column":114}}],"line":15},"3":{"loc":{"start":{"line":15,"column":74},"end":{"line":15,"column":113}},"type":"cond-expr","locations":[{"start":{"line":15,"column":89},"end":{"line":15,"column":101}},{"start":{"line":15,"column":104},"end":{"line":15,"column":113}}],"line":15},"4":{"loc":{"start":{"line":21,"column":8},"end":{"line":24,"column":9}},"type":"if","locations":[{"start":{"line":21,"column":8},"end":{"line":24,"column":9}},{"start":{"line":21,"column":8},"end":{"line":24,"column":9}}],"line":21},"5":{"loc":{"start":{"line":21,"column":12},"end":{"line":21,"column":38}},"type":"binary-expr","locations":[{"start":{"line":21,"column":12},"end":{"line":21,"column":21}},{"start":{"line":21,"column":25},"end":{"line":21,"column":38}}],"line":21},"6":{"loc":{"start":{"line":39,"column":23},"end":{"line":39,"column":59}},"type":"cond-expr","locations":[{"start":{"line":39,"column":35},"end":{"line":39,"column":47}},{"start":{"line":39,"column":50},"end":{"line":39,"column":59}}],"line":39}},"s":{"0":1,"1":1,"2":1,"3":0,"4":0,"5":1,"6":0,"7":0,"8":0,"9":1,"10":0,"11":0,"12":0,"13":1,"14":1},"f":{"0":1,"1":0,"2":0,"3":0},"b":{"0":[0,0],"1":[0,0],"2":[0,0,0,0],"3":[0,0],"4":[0,0],"5":[0,0],"6":[0,1]},"_coverageSchema":"1a1c01bbd47fc00a2c39e90264f33305004495a9","hash":"27b4c941db8e1646d1218ee603bdfcb3036e9854"}
,"/Users/arunkramachandran/Workspace/chat-interface/src/components/NavigationBar.jsx": {"path":"/Users/arunkramachandran/Workspace/chat-interface/src/components/NavigationBar.jsx","statementMap":{"0":{"start":{"line":3,"column":29},"end":{"line":8,"column":1}},"1":{"start":{"line":4,"column":4},"end":{"line":7,"column":10}}},"fnMap":{"0":{"name":"(anonymous_0)","decl":{"start":{"line":3,"column":29},"end":{"line":3,"column":30}},"loc":{"start":{"line":4,"column":4},"end":{"line":7,"column":10}},"line":4}},"branchMap":{},"s":{"0":1,"1":1},"f":{"0":1},"b":{},"_coverageSchema":"1a1c01bbd47fc00a2c39e90264f33305004495a9","hash":"ebec4b93030ad7b02135b63c34d1581e5a70074a"}
,"/Users/arunkramachandran/Workspace/chat-interface/src/components/SettingsPanel.jsx": {"path":"/Users/arunkramachandran/Workspace/chat-interface/src/components/SettingsPanel.jsx","statementMap":{"0":{"start":{"line":5,"column":29},"end":{"line":11,"column":1}},"1":{"start":{"line":6,"column":4},"end":{"line":10,"column":5}}},"fnMap":{"0":{"name":"(anonymous_0)","decl":{"start":{"line":5,"column":29},"end":{"line":5,"column":30}},"loc":{"start":{"line":5,"column":35},"end":{"line":11,"column":1}},"line":5}},"branchMap":{},"s":{"0":1,"1":0},"f":{"0":0},"b":{},"_coverageSchema":"1a1c01bbd47fc00a2c39e90264f33305004495a9","hash":"1c2abef6f1c494f4f1cf4a27a920a80902cb1015"}
,"/Users/arunkramachandran/Workspace/chat-interface/src/components/TextField.jsx": {"path":"/Users/arunkramachandran/Workspace/chat-interface/src/components/TextField.jsx","statementMap":{"0":{"start":{"line":3,"column":25},"end":{"line":21,"column":1}},"1":{"start":{"line":8,"column":8},"end":{"line":8,"column":13}},"2":{"start":{"line":10,"column":4},"end":{"line":20,"column":5}},"3":{"start":{"line":16,"column":37},"end":{"line":16,"column":71}},"4":{"start":{"line":17,"column":38},"end":{"line":17,"column":79}}},"fnMap":{"0":{"name":"(anonymous_0)","decl":{"start":{"line":3,"column":25},"end":{"line":3,"column":26}},"loc":{"start":{"line":3,"column":36},"end":{"line":21,"column":1}},"line":3},"1":{"name":"(anonymous_1)","decl":{"start":{"line":16,"column":26},"end":{"line":16,"column":27}},"loc":{"start":{"line":16,"column":37},"end":{"line":16,"column":71}},"line":16},"2":{"name":"(anonymous_2)","decl":{"start":{"line":17,"column":27},"end":{"line":17,"column":28}},"loc":{"start":{"line":17,"column":38},"end":{"line":17,"column":79}},"line":17}},"branchMap":{"0":{"loc":{"start":{"line":17,"column":38},"end":{"line":17,"column":79}},"type":"binary-expr","locations":[{"start":{"line":17,"column":38},"end":{"line":17,"column":53}},{"start":{"line":17,"column":57},"end":{"line":17,"column":79}}],"line":17}},"s":{"0":2,"1":2,"2":2,"3":0,"4":0},"f":{"0":2,"1":0,"2":0},"b":{"0":[0,0]},"_coverageSchema":"1a1c01bbd47fc00a2c39e90264f33305004495a9","hash":"840731570bd89a2808287736626dc38b3f289a84"}
,"/Users/arunkramachandran/Workspace/chat-interface/src/constants/constants.js": {"path":"/Users/arunkramachandran/Workspace/chat-interface/src/constants/constants.js","statementMap":{"0":{"start":{"line":1,"column":29},"end":{"line":1,"column":51}},"1":{"start":{"line":2,"column":34},"end":{"line":2,"column":61}},"2":{"start":{"line":3,"column":38},"end":{"line":3,"column":69}},"3":{"start":{"line":4,"column":29},"end":{"line":4,"column":51}}},"fnMap":{},"branchMap":{},"s":{"0":3,"1":3,"2":3,"3":3},"f":{},"b":{},"_coverageSchema":"1a1c01bbd47fc00a2c39e90264f33305004495a9","hash":"dd93fc5d587b850f57f736904ee0451a0ab1f762"}
,"/Users/arunkramachandran/Workspace/chat-interface/src/containers/ContactsList.jsx": {"path":"/Users/arunkramachandran/Workspace/chat-interface/src/containers/ContactsList.jsx","statementMap":{"0":{"start":{"line":7,"column":28},"end":{"line":63,"column":1}},"1":{"start":{"line":9,"column":56},"end":{"line":9,"column":71}},"2":{"start":{"line":10,"column":17},"end":{"line":10,"column":62}},"3":{"start":{"line":10,"column":38},"end":{"line":10,"column":61}},"4":{"start":{"line":11,"column":29},"end":{"line":11,"column":82}},"5":{"start":{"line":11,"column":50},"end":{"line":11,"column":81}},"6":{"start":{"line":13,"column":21},"end":{"line":13,"column":34}},"7":{"start":{"line":20,"column":27},"end":{"line":27,"column":5}},"8":{"start":{"line":21,"column":8},"end":{"line":21,"column":33}},"9":{"start":{"line":23,"column":8},"end":{"line":26,"column":11}},"10":{"start":{"line":29,"column":32},"end":{"line":31,"column":5}},"11":{"start":{"line":30,"column":8},"end":{"line":30,"column":33}},"12":{"start":{"line":33,"column":32},"end":{"line":39,"column":5}},"13":{"start":{"line":34,"column":8},"end":{"line":38,"column":10}},"14":{"start":{"line":35,"column":12},"end":{"line":37,"column":18}},"15":{"start":{"line":35,"column":127},"end":{"line":35,"column":172}},"16":{"start":{"line":41,"column":4},"end":{"line":62,"column":5}}},"fnMap":{"0":{"name":"(anonymous_0)","decl":{"start":{"line":7,"column":28},"end":{"line":7,"column":29}},"loc":{"start":{"line":7,"column":39},"end":{"line":63,"column":1}},"line":7},"1":{"name":"(anonymous_1)","decl":{"start":{"line":10,"column":29},"end":{"line":10,"column":30}},"loc":{"start":{"line":10,"column":38},"end":{"line":10,"column":61}},"line":10},"2":{"name":"(anonymous_2)","decl":{"start":{"line":11,"column":41},"end":{"line":11,"column":42}},"loc":{"start":{"line":11,"column":50},"end":{"line":11,"column":81}},"line":11},"3":{"name":"(anonymous_3)","decl":{"start":{"line":20,"column":27},"end":{"line":20,"column":28}},"loc":{"start":{"line":20,"column":38},"end":{"line":27,"column":5}},"line":20},"4":{"name":"(anonymous_4)","decl":{"start":{"line":29,"column":32},"end":{"line":29,"column":33}},"loc":{"start":{"line":29,"column":38},"end":{"line":31,"column":5}},"line":29},"5":{"name":"(anonymous_5)","decl":{"start":{"line":33,"column":32},"end":{"line":33,"column":33}},"loc":{"start":{"line":33,"column":42},"end":{"line":39,"column":5}},"line":33},"6":{"name":"(anonymous_6)","decl":{"start":{"line":34,"column":24},"end":{"line":34,"column":25}},"loc":{"start":{"line":35,"column":12},"end":{"line":37,"column":18}},"line":35},"7":{"name":"(anonymous_7)","decl":{"start":{"line":35,"column":121},"end":{"line":35,"column":122}},"loc":{"start":{"line":35,"column":127},"end":{"line":35,"column":172}},"line":35}},"branchMap":{"0":{"loc":{"start":{"line":35,"column":41},"end":{"line":35,"column":96}},"type":"cond-expr","locations":[{"start":{"line":35,"column":76},"end":{"line":35,"column":91}},{"start":{"line":35,"column":94},"end":{"line":35,"column":96}}],"line":35},"1":{"loc":{"start":{"line":44,"column":16},"end":{"line":46,"column":28}},"type":"cond-expr","locations":[{"start":{"line":45,"column":20},"end":{"line":45,"column":83}},{"start":{"line":46,"column":22},"end":{"line":46,"column":28}}],"line":44},"2":{"loc":{"start":{"line":44,"column":16},"end":{"line":44,"column":35}},"type":"binary-expr","locations":[{"start":{"line":44,"column":16},"end":{"line":44,"column":20}},{"start":{"line":44,"column":24},"end":{"line":44,"column":35}}],"line":44},"3":{"loc":{"start":{"line":49,"column":16},"end":{"line":54,"column":18}},"type":"binary-expr","locations":[{"start":{"line":49,"column":16},"end":{"line":49,"column":37}},{"start":{"line":49,"column":41},"end":{"line":54,"column":18}}],"line":49}},"s":{"0":0,"1":0,"2":0,"3":0,"4":0,"5":0,"6":0,"7":0,"8":0,"9":0,"10":0,"11":0,"12":0,"13":0,"14":0,"15":0,"16":0},"f":{"0":0,"1":0,"2":0,"3":0,"4":0,"5":0,"6":0,"7":0},"b":{"0":[0,0],"1":[0,0],"2":[0,0],"3":[0,0]}}
,"/Users/arunkramachandran/Workspace/chat-interface/src/containers/MessagePanel.jsx": {"path":"/Users/arunkramachandran/Workspace/chat-interface/src/containers/MessagePanel.jsx","statementMap":{"0":{"start":{"line":6,"column":28},"end":{"line":90,"column":1}},"1":{"start":{"line":8,"column":29},"end":{"line":8,"column":82}},"2":{"start":{"line":8,"column":50},"end":{"line":8,"column":81}},"3":{"start":{"line":9,"column":25},"end":{"line":9,"column":74}},"4":{"start":{"line":9,"column":46},"end":{"line":9,"column":73}},"5":{"start":{"line":10,"column":25},"end":{"line":10,"column":70}},"6":{"start":{"line":10,"column":46},"end":{"line":10,"column":69}},"7":{"start":{"line":11,"column":22},"end":{"line":11,"column":64}},"8":{"start":{"line":11,"column":43},"end":{"line":11,"column":63}},"9":{"start":{"line":13,"column":21},"end":{"line":13,"column":34}},"10":{"start":{"line":15,"column":28},"end":{"line":21,"column":5}},"11":{"start":{"line":17,"column":8},"end":{"line":20,"column":11}},"12":{"start":{"line":23,"column":28},"end":{"line":37,"column":5}},"13":{"start":{"line":24,"column":8},"end":{"line":31,"column":11}},"14":{"start":{"line":33,"column":8},"end":{"line":36,"column":11}},"15":{"start":{"line":39,"column":31},"end":{"line":57,"column":5}},"16":{"start":{"line":40,"column":8},"end":{"line":56,"column":9}},"17":{"start":{"line":46,"column":32},"end":{"line":48,"column":38}},"18":{"start":{"line":59,"column":33},"end":{"line":65,"column":5}},"19":{"start":{"line":60,"column":8},"end":{"line":64,"column":9}},"20":{"start":{"line":67,"column":31},"end":{"line":69,"column":5}},"21":{"start":{"line":68,"column":8},"end":{"line":68,"column":49}},"22":{"start":{"line":71,"column":4},"end":{"line":89,"column":5}}},"fnMap":{"0":{"name":"(anonymous_0)","decl":{"start":{"line":6,"column":28},"end":{"line":6,"column":29}},"loc":{"start":{"line":6,"column":34},"end":{"line":90,"column":1}},"line":6},"1":{"name":"(anonymous_1)","decl":{"start":{"line":8,"column":41},"end":{"line":8,"column":42}},"loc":{"start":{"line":8,"column":50},"end":{"line":8,"column":81}},"line":8},"2":{"name":"(anonymous_2)","decl":{"start":{"line":9,"column":37},"end":{"line":9,"column":38}},"loc":{"start":{"line":9,"column":46},"end":{"line":9,"column":73}},"line":9},"3":{"name":"(anonymous_3)","decl":{"start":{"line":10,"column":37},"end":{"line":10,"column":38}},"loc":{"start":{"line":10,"column":46},"end":{"line":10,"column":69}},"line":10},"4":{"name":"(anonymous_4)","decl":{"start":{"line":11,"column":34},"end":{"line":11,"column":35}},"loc":{"start":{"line":11,"column":43},"end":{"line":11,"column":63}},"line":11},"5":{"name":"(anonymous_5)","decl":{"start":{"line":15,"column":28},"end":{"line":15,"column":29}},"loc":{"start":{"line":15,"column":39},"end":{"line":21,"column":5}},"line":15},"6":{"name":"(anonymous_6)","decl":{"start":{"line":23,"column":28},"end":{"line":23,"column":29}},"loc":{"start":{"line":23,"column":38},"end":{"line":37,"column":5}},"line":23},"7":{"name":"(anonymous_7)","decl":{"start":{"line":39,"column":31},"end":{"line":39,"column":32}},"loc":{"start":{"line":39,"column":45},"end":{"line":57,"column":5}},"line":39},"8":{"name":"(anonymous_8)","decl":{"start":{"line":45,"column":42},"end":{"line":45,"column":43}},"loc":{"start":{"line":46,"column":32},"end":{"line":48,"column":38}},"line":46},"9":{"name":"(anonymous_9)","decl":{"start":{"line":59,"column":33},"end":{"line":59,"column":34}},"loc":{"start":{"line":59,"column":39},"end":{"line":65,"column":5}},"line":59},"10":{"name":"(anonymous_10)","decl":{"start":{"line":67,"column":31},"end":{"line":67,"column":32}},"loc":{"start":{"line":67,"column":37},"end":{"line":69,"column":5}},"line":67}},"branchMap":{"0":{"loc":{"start":{"line":24,"column":8},"end":{"line":31,"column":11}},"type":"binary-expr","locations":[{"start":{"line":24,"column":8},"end":{"line":24,"column":35}},{"start":{"line":24,"column":39},"end":{"line":31,"column":11}}],"line":24},"1":{"loc":{"start":{"line":43,"column":20},"end":{"line":53,"column":30}},"type":"cond-expr","locations":[{"start":{"line":44,"column":24},"end":{"line":50,"column":30}},{"start":{"line":51,"column":24},"end":{"line":53,"column":30}}],"line":43},"2":{"loc":{"start":{"line":46,"column":81},"end":{"line":46,"column":143}},"type":"cond-expr","locations":[{"start":{"line":46,"column":109},"end":{"line":46,"column":122}},{"start":{"line":46,"column":125},"end":{"line":46,"column":143}}],"line":46},"3":{"loc":{"start":{"line":68,"column":15},"end":{"line":68,"column":48}},"type":"cond-expr","locations":[{"start":{"line":68,"column":37},"end":{"line":68,"column":42}},{"start":{"line":68,"column":44},"end":{"line":68,"column":48}}],"line":68},"4":{"loc":{"start":{"line":72,"column":50},"end":{"line":72,"column":91}},"type":"cond-expr","locations":[{"start":{"line":72,"column":73},"end":{"line":72,"column":86}},{"start":{"line":72,"column":89},"end":{"line":72,"column":91}}],"line":72},"5":{"loc":{"start":{"line":74,"column":18},"end":{"line":74,"column":112}},"type":"cond-expr","locations":[{"start":{"line":74,"column":37},"end":{"line":74,"column":87}},{"start":{"line":74,"column":90},"end":{"line":74,"column":112}}],"line":74},"6":{"loc":{"start":{"line":77,"column":18},"end":{"line":85,"column":22}},"type":"binary-expr","locations":[{"start":{"line":77,"column":18},"end":{"line":77,"column":39}},{"start":{"line":77,"column":43},"end":{"line":85,"column":22}}],"line":77}},"s":{"0":0,"1":0,"2":0,"3":0,"4":0,"5":0,"6":0,"7":0,"8":0,"9":0,"10":0,"11":0,"12":0,"13":0,"14":0,"15":0,"16":0,"17":0,"18":0,"19":0,"20":0,"21":0,"22":0},"f":{"0":0,"1":0,"2":0,"3":0,"4":0,"5":0,"6":0,"7":0,"8":0,"9":0,"10":0},"b":{"0":[0,0],"1":[0,0],"2":[0,0],"3":[0,0],"4":[0,0],"5":[0,0],"6":[0,0]}}
,"/Users/arunkramachandran/Workspace/chat-interface/src/reducers/chatReducer.js": {"path":"/Users/arunkramachandran/Workspace/chat-interface/src/reducers/chatReducer.js","statementMap":{"0":{"start":{"line":3,"column":25},"end":{"line":8,"column":1}},"1":{"start":{"line":10,"column":17},"end":{"line":56,"column":1}},"2":{"start":{"line":11,"column":30},"end":{"line":11,"column":36}},"3":{"start":{"line":13,"column":4},"end":{"line":55,"column":5}},"4":{"start":{"line":15,"column":12},"end":{"line":23,"column":13}},"5":{"start":{"line":26,"column":12},"end":{"line":29,"column":13}},"6":{"start":{"line":32,"column":32},"end":{"line":32,"column":124}},"7":{"start":{"line":33,"column":12},"end":{"line":42,"column":13}},"8":{"start":{"line":45,"column":12},"end":{"line":51,"column":13}},"9":{"start":{"line":54,"column":12},"end":{"line":54,"column":25}}},"fnMap":{"0":{"name":"(anonymous_0)","decl":{"start":{"line":10,"column":17},"end":{"line":10,"column":18}},"loc":{"start":{"line":10,"column":55},"end":{"line":56,"column":1}},"line":10}},"branchMap":{"0":{"loc":{"start":{"line":10,"column":18},"end":{"line":10,"column":42}},"type":"default-arg","locations":[{"start":{"line":10,"column":26},"end":{"line":10,"column":42}}],"line":10},"1":{"loc":{"start":{"line":13,"column":4},"end":{"line":55,"column":5}},"type":"switch","locations":[{"start":{"line":14,"column":8},"end":{"line":23,"column":13}},{"start":{"line":25,"column":8},"end":{"line":29,"column":13}},{"start":{"line":31,"column":8},"end":{"line":42,"column":13}},{"start":{"line":44,"column":8},"end":{"line":51,"column":13}},{"start":{"line":53,"column":8},"end":{"line":54,"column":25}}],"line":13},"2":{"loc":{"start":{"line":18,"column":34},"end":{"line":18,"column":95}},"type":"cond-expr","locations":[{"start":{"line":18,"column":59},"end":{"line":18,"column":81}},{"start":{"line":18,"column":84},"end":{"line":18,"column":95}}],"line":18},"3":{"loc":{"start":{"line":32,"column":32},"end":{"line":32,"column":124}},"type":"cond-expr","locations":[{"start":{"line":32,"column":77},"end":{"line":32,"column":119}},{"start":{"line":32,"column":122},"end":{"line":32,"column":124}}],"line":32}},"s":{"0":2,"1":2,"2":11,"3":11,"4":1,"5":2,"6":1,"7":1,"8":0,"9":7},"f":{"0":11},"b":{"0":[7],"1":[1,2,1,0,7],"2":[0,1],"3":[0,1]},"_coverageSchema":"1a1c01bbd47fc00a2c39e90264f33305004495a9","hash":"33d2bf2b5951e3c549ba562c3dea447a62a4ee42"}
,"/Users/arunkramachandran/Workspace/chat-interface/src/reducers/index.js": {"path":"/Users/arunkramachandran/Workspace/chat-interface/src/reducers/index.js","statementMap":{},"fnMap":{},"branchMap":{},"s":{},"f":{},"b":{},"_coverageSchema":"1a1c01bbd47fc00a2c39e90264f33305004495a9","hash":"aa019a402957ace6d6590fdd60e692d760f8f332"}
,"/Users/arunkramachandran/Workspace/chat-interface/src/store/store.js": {"path":"/Users/arunkramachandran/Workspace/chat-interface/src/store/store.js","statementMap":{"0":{"start":{"line":4,"column":23},"end":{"line":11,"column":1}},"1":{"start":{"line":5,"column":18},"end":{"line":8,"column":5}},"2":{"start":{"line":10,"column":4},"end":{"line":10,"column":17}},"3":{"start":{"line":13,"column":14},"end":{"line":13,"column":30}}},"fnMap":{"0":{"name":"(anonymous_0)","decl":{"start":{"line":4,"column":23},"end":{"line":4,"column":24}},"loc":{"start":{"line":4,"column":29},"end":{"line":11,"column":1}},"line":4}},"branchMap":{},"s":{"0":0,"1":0,"2":0,"3":0},"f":{"0":0},"b":{}}
}
